<?xml version="1.0" encoding="UTF-8"?>
<!-- Generated by org.testng.reporters.JUnitXMLReporter -->
<testsuite ignored="0" hostname="LAPTOP-NTBPMJL5" failures="0" tests="3" name="Default test" time="11.575" errors="0" timestamp="2024-07-19T21:13:16 PDT">
  <testcase classname="testCases.ShoppingCart_Test" name="addItemsOnShoppingCart" time="3.821"/>
  <testcase classname="testCases.ShoppingCart_Test" name="completeCheckout" time="1.271"/>
  <testcase classname="testCases.ShoppingCart_Test" name="verifyItemsOnCart" time="0.543"/>
</testsuite> <!-- Default test -->
