<?xml version="1.0" encoding="UTF-8"?>
<!-- Generated by org.testng.reporters.JUnitXMLReporter -->
<testsuite ignored="0" hostname="LAPTOP-NTBPMJL5" failures="0" tests="6" name="Default test" time="24.349" errors="0" timestamp="2024-07-30T18:57:42 PDT">
  <testcase classname="testCases.ShoppingCart_Test" name="addItemsOnShoppingCart" time="4.178"/>
  <testcase classname="testCases.ShoppingCart_Test" name="completeCheckout" time="1.145"/>
  <testcase classname="testCases.ShoppingCart_Test" name="verifyItemsOnCart" time="0.557"/>
  <testcase classname="testCases.RegistrationTest" name="completeRegistration" time="2.249"/>
  <testcase classname="testCases.LoginTest" name="loginTest" time="2.464"/>
  <testcase classname="testCases.LoginTest" name="verifyHomePage" time="0.034"/>
</testsuite> <!-- Default test -->
