<?xml version="1.0" encoding="UTF-8"?>
<!-- Generated by org.testng.reporters.JUnitXMLReporter -->
<testsuite ignored="0" hostname="LAPTOP-NTBPMJL5" failures="1" tests="6" name="Test" time="29.08" errors="0" timestamp="2024-07-31T19:40:17 PDT">
  <testcase classname="testCases.ShoppingCart_Test" name="addItemsOnShoppingCart" time="4.073"/>
  <testcase classname="testCases.ShoppingCart_Test" name="verifyItemsOnCart" time="0.541"/>
  <testcase classname="testCases.ShoppingCart_Test" name="completeCheckout" time="1.362"/>
  <testcase classname="testCases.LoginTest" name="verifyHomePage" time="0.032">
    <failure type="junit.framework.ComparisonFailure" message="expected:&amp;lt;...art/index.php?route=[common/home]&amp;gt; but was:&amp;lt;...art/index.php?route=[account/account]&amp;gt;">
      <![CDATA[junit.framework.ComparisonFailure: expected:<...art/index.php?route=[common/home]> but was:<...art/index.php?route=[account/account]>
at junit.framework.Assert.assertEquals(Assert.java:100)
at junit.framework.Assert.assertEquals(Assert.java:107)
at testCases.LoginTest.verifyHomePage(LoginTest.java:43)
at java.base/java.util.ArrayList.forEach(ArrayList.java:1596)
... Removed 25 stack frames]]>
    </failure>
  </testcase> <!-- verifyHomePage -->
  <testcase classname="testCases.LoginTest" name="loginTest" time="2.463"/>
  <testcase classname="testCases.RegistrationTest" name="completeRegistration" time="3.388"/>
</testsuite> <!-- Test -->
