<?xml version="1.0" encoding="UTF-8"?>
<testng-results ignored="0" total="3" passed="3" failed="0" skipped="0">
  <reporter-output>
  </reporter-output>
  <suite started-at="2024-07-19T21:13:04 PDT" name="Default suite" finished-at="2024-07-19T21:13:16 PDT" duration-ms="11575">
    <groups>
    </groups>
    <test started-at="2024-07-19T21:13:04 PDT" name="Default test" finished-at="2024-07-19T21:13:16 PDT" duration-ms="11575">
      <class name="testCases.ShoppingCart_Test">
        <test-method is-config="true" signature="setup()[pri:0, instance:testCases.ShoppingCart_Test@77fbd92c]" started-at="2024-07-19T21:13:04 PDT" name="setup" finished-at="2024-07-19T21:13:09 PDT" duration-ms="5289" status="PASS">
          <reporter-output>
          </reporter-output>
        </test-method> <!-- setup -->
        <test-method signature="addItemsOnShoppingCart()[pri:0, instance:testCases.ShoppingCart_Test@77fbd92c]" started-at="2024-07-19T21:13:09 PDT" name="addItemsOnShoppingCart" finished-at="2024-07-19T21:13:13 PDT" duration-ms="3821" status="PASS">
          <reporter-output>
          </reporter-output>
        </test-method> <!-- addItemsOnShoppingCart -->
        <test-method signature="completeCheckout()[pri:0, instance:testCases.ShoppingCart_Test@77fbd92c]" started-at="2024-07-19T21:13:13 PDT" name="completeCheckout" finished-at="2024-07-19T21:13:15 PDT" duration-ms="1271" status="PASS">
          <reporter-output>
          </reporter-output>
        </test-method> <!-- completeCheckout -->
        <test-method signature="verifyItemsOnCart()[pri:0, instance:testCases.ShoppingCart_Test@77fbd92c]" started-at="2024-07-19T21:13:15 PDT" name="verifyItemsOnCart" finished-at="2024-07-19T21:13:15 PDT" duration-ms="543" status="PASS">
          <reporter-output>
          </reporter-output>
        </test-method> <!-- verifyItemsOnCart -->
        <test-method is-config="true" signature="teardown()[pri:0, instance:testCases.ShoppingCart_Test@77fbd92c]" started-at="2024-07-19T21:13:15 PDT" name="teardown" finished-at="2024-07-19T21:13:16 PDT" duration-ms="611" status="PASS">
          <reporter-output>
          </reporter-output>
        </test-method> <!-- teardown -->
      </class> <!-- testCases.ShoppingCart_Test -->
    </test> <!-- Default test -->
  </suite> <!-- Default suite -->
</testng-results>
