<?xml version="1.0" encoding="UTF-8"?>
<!-- Generated by org.testng.reporters.JUnitReportReporter -->
<testsuite hostname="LAPTOP-NTBPMJL5" failures="0" tests="3" name="testCases.ShoppingCart_Test" time="7.195" errors="0" timestamp="2024-08-12T15:29:08 PDT" skipped="0">
  <testcase classname="testCases.ShoppingCart_Test" name="verifyItemsOnCart" time="0.532"/>
  <system-out/>
  <testcase classname="testCases.ShoppingCart_Test" name="addItemsOnShoppingCart" time="5.249"/>
  <system-out/>
  <testcase classname="testCases.ShoppingCart_Test" name="completeCheckout" time="1.414"/>
  <system-out/>
</testsuite> <!-- testCases.ShoppingCart_Test -->
